-0.0344491   -0.22543   0.00144359
0.0833085   0.0758089   0.438813
0.144001   0.0609082   0.226251
0.0755022   -0.197394   -0.462414
0.147942   -0.0267814   -0.474029
-0.178621   -0.23982   -0.467635
0.10481   -0.048019   -0.227258
-0.276308   -0.183547   0.180639
-0.218911   0.37478   -0.447572
-0.248171   0.186387   0.428482
0.0958427   0.0109429   -0.412562
0.316714   -0.416277   0.0436291
-0.245123   0.012458   -0.0265704
-0.232144   0.445005   -0.253774
0.207844   -0.497453   -0.258984
0.282924   -0.239235   -0.443695
0.183431   -0.115014   -0.0181139
-0.189167   0.264784   -0.419527
0.239745   -0.0897143   0.178006
-0.0920906   -0.400322   -0.209806
0.473339   0.111161   -0.410832
-0.0628452   -0.292305   0.0770174
0.153415   0.419038   -0.149246
-0.425646   0.248901   -0.00431774
0.355854   0.0575322   -0.199898
0.221643   0.429228   0.282385
0.441008   -0.033094   0.134974
0.42438   -0.44506   0.0447972
0.0905031   -0.300666   0.447784
-0.426473   -0.331682   -0.312408
0.308203   0.397464   0.151305
-0.495953   -0.471935   0.160012
0.402397   0.0311013   -0.120095
0.376969   -0.276766   -0.356954
-0.0411194   0.092322   0.194754
-0.406141   -0.0935438   0.367652
0.194333   0.313444   0.208166
0.440515   -0.0381671   -0.334011
-0.273494   -0.321933   0.222519
-0.232523   0.471726   0.274229
-0.148001   -0.473938   -0.336343
-0.222407   0.440881   -0.387519
-0.105433   -0.459629   0.169207
-0.106947   0.416506   -0.106697
-0.170356   0.285399   -0.0676704
-0.493753   0.0982351   0.481483
-0.268611   -0.46413   0.323981
0.178723   -0.264227   0.427072
0.384209   0.110416   -0.471711
-0.105324   -0.107862   0.21902
0.318426   0.00622694   0.433535
0.387696   -0.187328   0.299089
-0.157722   0.0478221   0.419688
-0.213205   -0.137666   0.121693
-0.226278   0.174039   -0.489594
0.133333   0.088223   -0.08157
0.201169   0.475379   -0.014996
-0.239535   -0.478756   -0.220433
-0.120486   0.183856   0.195694
-0.0428448   0.0856445   -0.0549496
0.298051   -0.478398   0.485774
-0.167721   0.0521366   0.496587
-0.296749   -0.0857783   0.285591
0.448696   0.224675   -0.292813
-0.0584756   0.0927415   -0.139774
-0.482412   0.484147   -0.382961
0.214247   -0.205568   0.224348
-0.115807   0.38567   0.140856
0.451688   -0.497005   -0.261576
-0.255049   -0.472711   0.407117
-0.268495   -0.480695   -0.11961
0.0180516   0.021758   0.430235
-0.135171   0.279794   0.313456
0.453448   -0.119093   0.495447
0.413666   -0.309503   -0.416805
-0.392571   -0.0333337   -0.369289
0.238126   0.464944   0.191982
0.433346   0.383151   -0.479253
0.118399   0.0741161   -0.174648
0.156608   0.0220857   0.46267
-0.0822509   -0.222834   -0.2771
-0.220251   -0.380627   0.349989
0.128152   0.271607   -0.138216
-0.158094   -0.0966647   0.164432
0.218622   0.218938   -0.0296672
0.479656   -0.163265   -0.284551
0.197162   0.301708   -0.447431
-0.368999   0.243923   -0.0816065
-0.456865   0.440587   0.33059
0.433019   -0.0922909   0.0834678
-0.114119   -0.304557   -0.0978482
-0.183754   0.0928721   -0.152015
-0.212972   0.364493   -0.28511
0.133129   -0.138449   0.25497
-0.058189   0.209867   0.153383
0.273373   0.101367   -0.465224
-0.199114   -0.443509   0.225599
-0.19271   0.36941   0.152723
0.490406   -0.410094   0.433006
-0.378259   0.0711853   -0.445896
0.375411   -0.160555   -0.443249
0.247217   0.228827   -0.399382
0.0351742   0.132674   -0.0974352
0.345032   0.481008   -0.459008
0.153048   0.0184824   -0.348746
-0.181182   -0.089039   -0.25998
0.060906   0.183567   -0.210872
0.496483   0.410312   -0.434293
