2.2599   -0.39748   1.70132
-1.76836   -1.06459   0.468733
0.0640872   -0.984886   1.09188
-0.855718   -1.99549   1.1458
0.0365674   0.332733   0.340372
0.623862   0.685306   -0.452477
1.50879   -0.301287   0.0351285
0.478325   -0.0840553   0.382991
-0.158952   1.38381   -1.09036
0.513164   -0.703744   1.05977
0.0516451   0.545409   0.508297
-0.322066   0.158378   -0.261279
-0.406347   -2.60415   -0.377417
-1.05885   0.454914   2.12735
1.86793   2.28088   1.4159
0.54001   -0.806372   -0.306071
2.34486   1.15123   -0.480067
-1.03505   -1.04381   1.18346
-0.333885   -1.25693   -1.251
-1.49292   -1.64947   0.666823
-0.102437   -0.282999   0.467491
1.37245   0.611448   0.71196
-0.328176   0.00061833   0.359299
-1.26032   0.723623   -0.629961
0.247698   -2.78832   -0.714164
-0.538823   1.72721   0.755774
-0.998787   -1.07576   -1.58199
-0.0391297   -0.688618   0.160196
0.16386   0.150932   -0.342442
-0.877332   -1.00586   0.0412347
0.744961   0.95731   1.02488
0.904836   0.988631   -0.474113
0.203372   -0.349737   -1.90864
0.122027   1.90104   1.14804
-0.637542   -0.390101   0.161729
0.203765   0.406799   -0.526662
-0.231492   -0.0959741   -1.13412
0.180289   -1.01648   -0.988013
1.30909   0.36905   0.822375
-0.641762   -1.01067   0.23184
-0.263496   1.72314   -1.40153
-0.7856   1.81933   -1.16487
0.223597   -1.24513   0.777799
0.300148   0.0763439   -0.509717
1.68611   -1.44043   0.0792664
0.621259   2.37402   0.535137
2.74585   0.0166869   0.995535
-1.43565   0.0290058   0.159767
1.68786   -2.47664   -1.28311
-0.652434   1.96566   -1.01482
-2.38197   1.69864   0.710267
0.438493   0.719422   0.437996
-0.973196   0.0931754   -1.48402
-1.54758   0.937715   -1.2789
-0.192203   1.13273   -0.275793
0.0831945   -0.37939   -0.789771
-0.345625   -0.071311   -0.278466
-1.54168   -1.07421   -1.23653
-1.97869   0.0306047   -0.609007
0.611798   0.750453   -1.49575
0.587865   0.0525427   -1.20563
0.726517   -1.79163   -0.240797
1.22827   0.737306   0.942066
0.00575937   0.0994031   -0.30274
1.89403   1.78995   0.176996
0.663392   -1.06774   -0.479321
1.75096   0.752736   0.833464
2.63797   -2.16439   -0.184756
0.59835   -0.518534   2.21074
0.63566   0.652411   -0.945773
1.72756   -1.20976   0.189712
-0.35202   1.1163   1.56908
-1.1416   0.498231   0.729787
-1.28295   1.34157   1.92701
-0.455781   0.407944   1.30181
0.0372396   -0.0308412   -1.60309
-0.205713   0.302009   0.983416
0.900925   -0.00417508   -0.16135
-1.91989   1.44515   0.363594
1.05169   -1.52684   0.604305
0.665638   -1.52827   -0.367762
-0.954798   -0.592936   -1.96708
-2.10647   1.90297   -0.115981
-2.69025   -1.92452   -0.358261
-1.32636   -0.839753   -0.570083
-0.94444   0.209607   -0.725208
0.248995   -2.02728   -0.317109
0.938394   0.588262   -0.889186
0.468092   1.55207   -0.784035
-0.499757   2.50829   0.975964
-0.42715   -0.301981   -0.52347
0.885394   -1.13869   -1.51379
-1.71221   -0.507208   -0.428119
-0.0419234   -0.757741   -0.515721
1.3948   1.09159   0.809379
-0.731691   0.567957   1.43736
-0.166703   0.524223   0.11159
0.350171   0.314415   -1.23283
-0.558346   0.403018   0.518773
-0.119778   -1.11881   1.50156
-1.01481   -0.402568   -0.961527
-1.43516   -0.719037   1.32177
0.143938   0.434406   2.84195
-0.0294935   1.58807   -0.799261
1.08972   -0.871179   -1.48709
-1.00909   0.166933   -0.560244
1.14213   1.29611   1.31772
0.399196   -1.21196   0.20483
