0.276458   -0.492346   0.467609
0.449114   -0.340786   0.468062
0.285701   -0.335491   -0.356726
0.469505   -0.479384   -0.364264
-0.373851   -0.487687   0.473259
-0.194215   -0.328117   0.494421
-0.367887   -0.316442   -0.31656
-0.194382   -0.482547   -0.364307
-0.0128402   -0.49723   0.47879
0.141937   -0.322224   0.470593
-0.0156783   -0.2999   -0.37149
0.125629   -0.484596   -0.343963
0.291149   -0.155926   0.464618
0.472993   0.0164849   0.468184
0.301996   0.00836357   -0.377364
0.461948   -0.161572   -0.360398
-0.367192   -0.173793   0.461456
-0.202309   0.0193745   0.491488
-0.370786   0.00950294   -0.367144
-0.207753   -0.172116   -0.34525
-0.0469916   -0.148496   0.468932
0.13429   -0.010391   0.467884
-0.0275026   -0.0144248   -0.350462
0.141499   -0.151072   -0.342977
0.297815   0.167232   0.465872
0.454241   0.372584   0.468548
0.304008   0.352307   -0.359461
0.469077   0.193621   -0.367544
-0.366386   0.183363   0.459806
-0.189577   0.348908   0.470684
-0.351038   0.348873   -0.372453
-0.201571   0.16895   -0.347744
-0.0361386   0.184465   0.491696
0.145045   0.325556   0.489591
-0.0371914   0.336364   -0.35723
0.135482   0.163529   -0.359377
0.278401   -0.475722   -0.18506
0.449753   -0.316437   -0.196719
0.308501   -0.334858   -0.01639
0.467125   -0.486425   -0.0375311
-0.360097   0.485859   -0.169314
-0.199269   -0.323833   -0.171607
-0.368258   -0.329745   -0.0217872
-0.213785   -0.496974   -0.0109236
-0.045777   -0.477548   -0.194823
0.115059   -0.314931   -0.190294
-0.0554239   -0.327551   0.00706514
0.116474   -0.47981   -0.0249918
0.309919   -0.163069   -0.183988
0.440693   0.0196191   -0.203503
0.308641   0.00306949   -0.0212418
0.474963   -0.160105   -0.0165545
-0.375842   -0.150933   -0.169962
-0.172599   0.019765   -0.1931
-0.368454   0.0214234   -0.0308567
-0.209775   -0.147319   -0.0170603
-0.0234037   -0.172077   -0.17755
0.133264   -0.000695371   -0.178014
-0.0169159   -0.00843348   -0.00830924
0.137514   -0.171857   -0.0311125
0.300371   0.185426   -0.188993
0.459736   0.361416   -0.208487
0.30653   0.348659   -0.0318538
0.474636   0.185686   -0.0370695
-0.373072   0.171768   -0.210275
-0.200653   0.332665   -0.189494
-0.351328   0.339355   -0.00279178
-0.185332   0.17738   -0.0100305
-0.0329918   0.181947   -0.175967
0.129168   0.344534   -0.180725
-0.039495   0.373548   -0.0268761
0.134549   0.184821   -0.017923
0.296488   0.489012   0.136049
0.4668   -0.312889   0.152046
0.301953   -0.339662   0.303807
0.462634   -0.490117   0.304156
-0.361773   -0.487308   0.142228
-0.205995   -0.319822   0.160821
-0.367306   -0.33723   0.311015
-0.201824   -0.484508   0.316124
-0.0397952   -0.487225   0.15261
0.118359   -0.320954   0.153325
-0.0286669   -0.324519   0.323023
0.131889   0.492093   0.312559
0.292184   -0.15462   0.141366
0.482389   0.0216804   0.14708
0.302132   0.0162634   0.292064
0.466865   -0.152013   0.30819
-0.361529   -0.152545   0.142117
-0.205904   0.0269765   0.138841
-0.357198   0.0264259   0.309799
-0.203041   -0.150219   0.323278
-0.0459838   -0.149543   0.165169
0.138892   0.0130342   0.147602
-0.0416106   0.0290136   0.331491
0.117671   -0.159276   0.299707
0.313634   0.170704   0.129393
0.465384   0.346615   0.125143
0.299797   0.341572   0.31414
0.454169   0.186989   0.307107
-0.36878   0.180217   0.148646
-0.202019   0.33195   0.151567
-0.378981   0.343514   0.288909
-0.190862   0.180411   0.32333
-0.034703   0.177259   0.155279
0.131988   0.34468   0.137224
-0.0374905   0.346141   0.304937
0.121581   0.185378   0.321285
