-0.0165547   -0.203195   -0.332687
1.03671   -1.26127   -0.876381
1.03902   0.933205   0.950733
0.181429   0.960484   0.179357
-0.851545   -0.147183   -0.952258
-0.113495   0.0161453   -0.693164
-0.757891   -0.934765   -2.21418
-1.51585   -1.29497   -0.123176
-0.122871   -1.4505   0.0890554
1.12639   0.810759   -0.279094
0.16491   0.0841286   1.38621
-0.17597   0.796375   1.13661
0.283938   0.115547   0.573618
-0.717041   0.665483   -0.708265
-0.654243   -0.310864   0.615372
1.10889   1.39708   1.05309
-0.412178   -0.0865272   -0.638992
0.359618   1.63224   0.860957
0.459414   -0.13179   0.173549
0.150622   0.421748   0.416925
1.03398   -1.64535   -0.826841
-0.647102   -1.19809   1.04652
-0.779177   1.2637   1.00199
1.73502   -0.487424   0.960369
1.55523   0.889056   -0.978386
0.281084   0.514315   0.318811
0.273373   0.581707   -2.24437
0.145772   0.93977   -0.288343
1.2399   0.223034   -0.961972
2.77519   -0.936023   0.196311
1.09573   -0.862344   -0.268985
0.52295   -0.837814   -0.490034
-0.0996793   0.281361   0.680968
0.827021   1.90493   -0.461792
0.719328   -0.260652   -0.748202
-1.39914   -0.194734   0.766926
-0.495782   0.0271414   0.623108
1.80521   -0.891186   2.12393
-0.321892   -1.11315   0.272205
-0.729074   0.482067   -0.947606
-0.63782   1.61855   0.980891
-0.401955   -1.31493   0.328375
-0.138648   1.30989   -0.435919
-1.21174   1.33229   -0.776882
0.470392   -0.678486   0.555844
-1.27645   0.362204   0.155999
0.942064   0.475931   -0.64252
0.09631   1.05655   1.41456
0.29186   -0.461683   -1.03652
-0.596371   -0.673934   -0.710435
-0.407135   0.418261   -0.663044
-1.98855   -0.0110118   -0.268685
0.908183   -0.527491   -0.0232606
-0.122472   -0.0741097   -0.973359
-0.0591599   0.893962   1.1946
-0.520577   1.67537   1.40079
0.212499   -0.256706   -0.251281
-0.301225   0.0900604   -0.423271
0.452794   -1.55946   0.922628
0.295881   0.387334   0.662632
-1.21544   -0.113439   0.0558783
-0.577066   1.00092   -0.774561
-1.57273   0.0303479   -1.15075
-1.17928   -0.419785   -0.613004
0.964933   -1.05228   -0.276561
-0.236224   0.681848   0.190566
0.611984   0.949453   1.17988
-0.0641436   0.774924   0.793065
0.441746   -1.50661   1.68208
0.0180823   -0.86483   -0.684016
-0.964752   -0.876117   -1.14789
-0.293621   -1.65552   -0.654154
-0.00862928   -1.90235   0.25776
0.302692   0.743208   0.102797
-0.820965   -1.17553   1.1762
-0.254292   0.189976   -0.812141
1.28237   0.437538   -0.576389
-0.442921   0.533513   -1.01645
0.351871   0.316221   -0.261453
-1.30004   0.0560429   -0.745834
1.28472   -0.498286   0.403938
0.800386   0.0552045   -0.447971
-0.0496661   -0.0839296   -1.2531
-0.575316   0.185995   0.11055
-0.811215   -1.21479   -0.0220661
-0.745907   0.775879   0.683347
2.06741   -0.333256   -0.705714
-0.824878   0.546119   0.542345
-1.42859   0.436665   0.436724
-0.359964   -0.12078   -0.535731
0.790584   -0.223927   0.323924
0.460046   0.632452   0.569894
-0.146739   -0.0391779   1.39941
-1.39733   0.66736   1.67261
-0.0243515   -0.42959   0.16367
0.421167   -0.753517   -0.189336
-1.21446   0.778746   0.674019
-0.199665   -0.685636   -0.662881
0.036085   0.403575   1.97282
-0.290693   0.178835   -1.51804
0.146323   -1.3782   0.542299
0.997512   -0.687266   0.527062
-0.268284   1.3719   -1.23912
0.92515   -1.12013   -0.581781
-1.95686   1.00449   -1.67349
0.760148   -0.428086   -0.533244
-0.00564042   0.662683   -0.141632
0.447357   -0.605918   0.953447
